<?xml version="1.0" encoding="UTF-8"?>
<testsuite name="runners.ChromeTest" tests="0" skipped="0" failures="0" errors="0" timestamp="1970-01-01T00:00:00" hostname="INOTE322" time="0.0">
  <properties/>
  <system-out><![CDATA[# encoding: utf-8
# language: pt
Funcionalidade: Login

  @teste2
  Cenario: Login com usuario ou senha errado      ?[90m# login.feature:16?[0m
    ?[32mDado ?[0m?[32mque um usuario entre com o user "?[0m?[32m?[1madmin2?[0m?[32m"?[0m ?[90m# LoginSteps.queUmUsuarioEntreComOUser(String)?[0m
    ?[32mE ?[0m?[32ma senha "?[0m?[32m?[1m1223?[0m?[32m"?[0m                              ?[90m# LoginSteps.aSenha(String)?[0m
    ?[32mQuando ?[0m?[32mclicar no botão login?[0m                  ?[90m# LoginSteps.clicarNoBotãoLogin()?[0m
    ?[32mEntão ?[0m?[32mdeve ocorrer o um erro de acesso?[0m        ?[90m# LoginSteps.deveOcorrerOUmErroDeAcesso()?[0m

2 Scenarios (?[32m2 passed?[0m)
8 Steps (?[32m8 passed?[0m)
0m4.552s

]]></system-out>
  <system-err><![CDATA[Starting ChromeDriver 2.45.615279 (12b89733300bd268cff3b78fc76cb8f3a7cc44e5) on port 17792
[1576498796,094][SEVERE]: bind() failed: Cannot assign requested address (99)
Only local connections are allowed.
]]></system-err>
</testsuite>
