<?xml version="1.0" encoding="UTF-8"?>
<testsuite name="Cenario: Login no site" tests="5" skipped="0" failures="0" errors="0" timestamp="2019-12-16T11:55:14" hostname="INOTE322" time="2.475">
  <properties/>
  <testcase name="Dado que um usuario entre com o user &quot;admin&quot;" classname="Cenario: Login no site" time="0.0"/>
  <testcase name="E a senha &quot;admin&quot;" classname="Cenario: Login no site" time="0.0"/>
  <testcase name="Quando clicar no botão login" classname="Cenario: Login no site" time="0.0"/>
  <testcase name="Então deve ocorrer o login com sucesso" classname="Cenario: Login no site" time="0.0"/>
  <testcase name="classMethod" classname="Cenario: Login no site" time="2.916"/>
  <system-out><![CDATA[]]></system-out>
  <system-err><![CDATA[]]></system-err>
</testsuite>
